<?xml version="1.0" encoding="UTF-8"?>
<testng-results ignored="0" total="3" passed="2" failed="1" skipped="0">
  <reporter-output>
  </reporter-output>
  <suite started-at="2024-07-25T18:35:44 IST" name="Suite" finished-at="2024-07-25T18:36:09 IST" duration-ms="25575">
    <groups>
    </groups>
    <test started-at="2024-07-25T18:35:44 IST" name="Test" finished-at="2024-07-25T18:36:09 IST" duration-ms="25575">
      <class name="tests.Validatetitle">
        <test-method is-config="true" signature="initalize1()[pri:0, instance:tests.Validatetitle@52066604]" started-at="2024-07-25T18:35:44 IST" name="initalize1" finished-at="2024-07-25T18:35:50 IST" duration-ms="5782" status="PASS">
          <reporter-output>
          </reporter-output>
        </test-method> <!-- initalize1 -->
        <test-method signature="validatetitle1()[pri:0, instance:tests.Validatetitle@52066604]" started-at="2024-07-25T18:35:50 IST" name="validatetitle1" finished-at="2024-07-25T18:35:50 IST" duration-ms="153" status="FAIL">
          <exception class="java.lang.AssertionError">
            <message>
              <![CDATA[expected [false] but found [true]]]>
            </message>
            <full-stacktrace>
              <![CDATA[java.lang.AssertionError: expected [false] but found [true]
at org.testng.Assert.fail(Assert.java:111)
at org.testng.Assert.failNotEquals(Assert.java:1578)
at org.testng.Assert.assertFalse(Assert.java:79)
at org.testng.Assert.assertFalse(Assert.java:89)
at tests.Validatetitle.validatetitle1(Validatetitle.java:39)
at java.base/jdk.internal.reflect.DirectMethodHandleAccessor.invoke(DirectMethodHandleAccessor.java:103)
at java.base/java.lang.reflect.Method.invoke(Method.java:580)
at org.testng.internal.invokers.MethodInvocationHelper.invokeMethod(MethodInvocationHelper.java:141)
at org.testng.internal.invokers.TestInvoker.invokeMethod(TestInvoker.java:686)
at org.testng.internal.invokers.TestInvoker.invokeTestMethod(TestInvoker.java:230)
at org.testng.internal.invokers.MethodRunner.runInSequence(MethodRunner.java:63)
at org.testng.internal.invokers.TestInvoker$MethodInvocationAgent.invoke(TestInvoker.java:992)
at org.testng.internal.invokers.TestInvoker.invokeTestMethods(TestInvoker.java:203)
at org.testng.internal.invokers.TestMethodWorker.invokeTestMethods(TestMethodWorker.java:154)
at org.testng.internal.invokers.TestMethodWorker.run(TestMethodWorker.java:134)
at java.base/java.util.ArrayList.forEach(ArrayList.java:1596)
at org.testng.TestRunner.privateRun(TestRunner.java:739)
at org.testng.TestRunner.run(TestRunner.java:614)
at org.testng.SuiteRunner.runTest(SuiteRunner.java:421)
at org.testng.SuiteRunner.runSequentially(SuiteRunner.java:413)
at org.testng.SuiteRunner.privateRun(SuiteRunner.java:373)
at org.testng.SuiteRunner.run(SuiteRunner.java:312)
at org.testng.SuiteRunnerWorker.runSuite(SuiteRunnerWorker.java:52)
at org.testng.SuiteRunnerWorker.run(SuiteRunnerWorker.java:95)
at org.testng.TestNG.runSuitesSequentially(TestNG.java:1274)
at org.testng.TestNG.runSuitesLocally(TestNG.java:1208)
at org.testng.TestNG.runSuites(TestNG.java:1112)
at org.testng.TestNG.run(TestNG.java:1079)
at org.apache.maven.surefire.testng.TestNGExecutor.run(TestNGExecutor.java:308)
at org.apache.maven.surefire.testng.TestNGXmlTestSuite.execute(TestNGXmlTestSuite.java:71)
at org.apache.maven.surefire.testng.TestNGProvider.invoke(TestNGProvider.java:113)
at org.apache.maven.surefire.booter.ForkedBooter.runSuitesInProcess(ForkedBooter.java:385)
at org.apache.maven.surefire.booter.ForkedBooter.execute(ForkedBooter.java:162)
at org.apache.maven.surefire.booter.ForkedBooter.run(ForkedBooter.java:507)
at org.apache.maven.surefire.booter.ForkedBooter.main(ForkedBooter.java:495)
]]>
            </full-stacktrace>
          </exception> <!-- java.lang.AssertionError -->
          <reporter-output>
          </reporter-output>
        </test-method> <!-- validatetitle1 -->
        <test-method is-config="true" signature="teaddown()[pri:0, instance:tests.Validatetitle@52066604]" started-at="2024-07-25T18:36:09 IST" name="teaddown" finished-at="2024-07-25T18:36:09 IST" duration-ms="112" status="PASS">
          <reporter-output>
          </reporter-output>
        </test-method> <!-- teaddown -->
      </class> <!-- tests.Validatetitle -->
      <class name="tests.HomePage">
        <test-method is-config="true" signature="initialize11()[pri:0, instance:tests.HomePage@5669c5fb]" started-at="2024-07-25T18:35:50 IST" name="initialize11" finished-at="2024-07-25T18:35:54 IST" duration-ms="4206" status="PASS">
          <reporter-output>
          </reporter-output>
        </test-method> <!-- initialize11 -->
        <test-method signature="homepage1(java.lang.String,java.lang.String,java.lang.String)[pri:0, instance:tests.HomePage@5669c5fb]" started-at="2024-07-25T18:35:54 IST" name="homepage1" data-provider="getdata" finished-at="2024-07-25T18:36:01 IST" duration-ms="6997" status="PASS">
          <params>
            <param index="0">
              <value>
                <![CDATA[nilesh.p@tridhyatech.com]]>
              </value>
            </param>
            <param index="1">
              <value>
                <![CDATA[nilesh225]]>
              </value>
            </param>
            <param index="2">
              <value>
                <![CDATA[Valid User]]>
              </value>
            </param>
          </params>
          <reporter-output>
          </reporter-output>
        </test-method> <!-- homepage1 -->
        <test-method is-config="true" signature="teaddown()[pri:0, instance:tests.HomePage@5669c5fb]" started-at="2024-07-25T18:36:01 IST" name="teaddown" finished-at="2024-07-25T18:36:02 IST" duration-ms="988" status="PASS">
          <reporter-output>
          </reporter-output>
        </test-method> <!-- teaddown -->
        <test-method is-config="true" signature="initialize11()[pri:0, instance:tests.HomePage@5669c5fb]" started-at="2024-07-25T18:36:02 IST" name="initialize11" finished-at="2024-07-25T18:36:07 IST" duration-ms="5220" status="PASS">
          <reporter-output>
          </reporter-output>
        </test-method> <!-- initialize11 -->
        <test-method signature="homepage1(java.lang.String,java.lang.String,java.lang.String)[pri:0, instance:tests.HomePage@5669c5fb]" started-at="2024-07-25T18:36:07 IST" name="homepage1" data-provider="getdata" finished-at="2024-07-25T18:36:09 IST" duration-ms="1953" status="PASS">
          <params>
            <param index="0">
              <value>
                <![CDATA[User2@gmail.com]]>
              </value>
            </param>
            <param index="1">
              <value>
                <![CDATA[Pass2]]>
              </value>
            </param>
            <param index="2">
              <value>
                <![CDATA[InValid User]]>
              </value>
            </param>
          </params>
          <reporter-output>
          </reporter-output>
        </test-method> <!-- homepage1 -->
        <test-method is-config="true" signature="teaddown()[pri:0, instance:tests.HomePage@5669c5fb]" started-at="2024-07-25T18:36:09 IST" name="teaddown" finished-at="2024-07-25T18:36:09 IST" duration-ms="113" status="PASS">
          <reporter-output>
          </reporter-output>
        </test-method> <!-- teaddown -->
      </class> <!-- tests.HomePage -->
    </test> <!-- Test -->
  </suite> <!-- Suite -->
</testng-results>
